[debug] [2020-11-21T15:20:36.812Z] ----------------------------------------------------------------------
[debug] [2020-11-21T15:20:36.813Z] Command:       C:\Program Files\nodejs\node.exe C:\Users\Pichau\AppData\Local\Yarn\Data\global\node_modules\firebase-tools\lib\bin\firebase.js emulators:start
[debug] [2020-11-21T15:20:36.813Z] CLI Version:   8.15.0
[debug] [2020-11-21T15:20:36.813Z] Platform:      win32
[debug] [2020-11-21T15:20:36.813Z] Node Version:  v12.19.0
[debug] [2020-11-21T15:20:36.814Z] Time:          Sat Nov 21 2020 12:20:36 GMT-0300 (Brasilia Standard Time)
[debug] [2020-11-21T15:20:36.814Z] ----------------------------------------------------------------------
[debug] [2020-11-21T15:20:36.814Z] 
[debug] [2020-11-21T15:20:36.819Z] > command requires scopes: ["email","openid","https://www.googleapis.com/auth/cloudplatformprojects.readonly","https://www.googleapis.com/auth/firebase","https://www.googleapis.com/auth/cloud-platform"]
[debug] [2020-11-21T15:20:36.820Z] > authorizing via signed-in user
[info] i  emulators: Starting emulators: auth, functions, firestore, hosting {"metadata":{"emulator":{"name":"hub"},"message":"Starting emulators: auth, functions, firestore, hosting"}}
[debug] [2020-11-21T15:20:36.833Z] [hub] writing locator at C:\Users\Pichau\AppData\Local\Temp\hub-singles-7aa8b.json
[warn] !  functions: The following emulators are not running, calls to these services from the Functions emulator will affect production: database, pubsub {"metadata":{"emulator":{"name":"functions"},"message":"The following emulators are not running, calls to these services from the Functions emulator will affect production: \u001b[1mdatabase, pubsub\u001b[22m"}}
[info] +  functions: Using node@12 from host. {"metadata":{"emulator":{"name":"functions"},"message":"Using node@12 from host."}}
[debug] [2020-11-21T15:20:36.853Z] defaultcredentials: writing to file C:\Users\Pichau\AppData\Roaming\firebase\gabrielvander1428_gmail_com_application_default_credentials.json
[debug] [2020-11-21T15:20:36.855Z] Setting GAC to C:\Users\Pichau\AppData\Roaming\firebase\gabrielvander1428_gmail_com_application_default_credentials.json {"metadata":{"emulator":{"name":"functions"},"message":"Setting GAC to C:\\Users\\Pichau\\AppData\\Roaming\\firebase\\gabrielvander1428_gmail_com_application_default_credentials.json"}}
[warn] !  firestore: Did not find a Cloud Firestore rules file specified in a firebase.json config file. {"metadata":{"emulator":{"name":"firestore"},"message":"Did not find a Cloud Firestore rules file specified in a firebase.json config file."}}
[warn] !  firestore: The emulator will default to allowing all reads and writes. Learn more about this option: https://firebase.google.com/docs/emulator-suite/install_and_configure#security_rules_configuration. {"metadata":{"emulator":{"name":"firestore"},"message":"The emulator will default to allowing all reads and writes. Learn more about this option: https://firebase.google.com/docs/emulator-suite/install_and_configure#security_rules_configuration."}}
[debug] [2020-11-21T15:20:36.860Z] Ignoring unsupported arg: projectId {"metadata":{"emulator":{"name":"firestore"},"message":"Ignoring unsupported arg: projectId"}}
[debug] [2020-11-21T15:20:36.860Z] Ignoring unsupported arg: auto_download {"metadata":{"emulator":{"name":"firestore"},"message":"Ignoring unsupported arg: auto_download"}}
[debug] [2020-11-21T15:20:36.860Z] Starting Firestore Emulator with command {"binary":"java","args":["-Duser.language=en","-jar","C:\\Users\\Pichau\\.cache\\firebase\\emulators\\cloud-firestore-emulator-v1.11.9.jar","--host","localhost","--port",8080,"--functions_emulator","localhost:5001"],"optionalArgs":["port","webchannel_port","host","rules","functions_emulator","seed_from_export"],"joinArgs":false} {"metadata":{"emulator":{"name":"firestore"},"message":"Starting Firestore Emulator with command {\"binary\":\"java\",\"args\":[\"-Duser.language=en\",\"-jar\",\"C:\\\\Users\\\\Pichau\\\\.cache\\\\firebase\\\\emulators\\\\cloud-firestore-emulator-v1.11.9.jar\",\"--host\",\"localhost\",\"--port\",8080,\"--functions_emulator\",\"localhost:5001\"],\"optionalArgs\":[\"port\",\"webchannel_port\",\"host\",\"rules\",\"functions_emulator\",\"seed_from_export\"],\"joinArgs\":false}"}}
[info] i  firestore: Firestore Emulator logging to firestore-debug.log {"metadata":{"emulator":{"name":"firestore"},"message":"Firestore Emulator logging to \u001b[1mfirestore-debug.log\u001b[22m"}}
[debug] [2020-11-21T15:20:37.470Z] API endpoint: http://localhost {"metadata":{"emulator":{"name":"firestore"},"message":"API endpoint: http://localhost"}}
[debug] [2020-11-21T15:20:37.470Z] :8080
If you are using a library that supports the FIRESTORE_EMULATOR_HOST environment variable, run:

   export FIRESTORE_EMULATOR_HOST=localhost:8080

Dev App Server is now running.

 {"metadata":{"emulator":{"name":"firestore"},"message":":8080\nIf you are using a library that supports the FIRESTORE_EMULATOR_HOST environment variable, run:\r\n\n   export FIRESTORE_EMULATOR_HOST=localhost:8080\n\nDev App Server is now running.\n\r\n"}}
[debug] [2020-11-21T15:20:39.276Z] >>> HTTP REQUEST GET https://firebase.googleapis.com/v1beta1/projects/singles-7aa8b/webApps/-/config  
 
[debug] [2020-11-21T15:20:40.089Z] <<< HTTP RESPONSE 200 {"content-type":"application/json; charset=UTF-8","vary":"X-Origin, Referer, Origin,Accept-Encoding","date":"Sat, 21 Nov 2020 15:20:42 GMT","server":"ESF","cache-control":"private","x-xss-protection":"0","x-frame-options":"SAMEORIGIN","x-content-type-options":"nosniff","alt-svc":"h3-29=\":443\"; ma=2592000,h3-T051=\":443\"; ma=2592000,h3-Q050=\":443\"; ma=2592000,h3-Q046=\":443\"; ma=2592000,h3-Q043=\":443\"; ma=2592000,quic=\":443\"; ma=2592000; v=\"46,43\"","accept-ranges":"none","transfer-encoding":"chunked"}
[info] i  hosting: Serving hosting files from: build {"metadata":{"emulator":{"name":"hosting"},"message":"Serving hosting files from: \u001b[1mbuild\u001b[22m"}}
[info] +  hosting: Local server: http://localhost:5000 {"metadata":{"emulator":{"name":"hosting"},"message":"Local server: \u001b[4m\u001b[1mhttp://localhost:5000\u001b[22m\u001b[24m"}}
[warn] !  ui: Emulator UI unable to start on port 4000, starting on 4001 instead. {"metadata":{"emulator":{"name":"ui"},"message":"Emulator UI unable to start on port 4000, starting on 4001 instead."}}
[debug] [2020-11-21T15:20:40.163Z] Ignoring unsupported arg: auto_download {"metadata":{"emulator":{"name":"ui"},"message":"Ignoring unsupported arg: auto_download"}}
[debug] [2020-11-21T15:20:40.163Z] Ignoring unsupported arg: port {"metadata":{"emulator":{"name":"ui"},"message":"Ignoring unsupported arg: port"}}
[debug] [2020-11-21T15:20:40.163Z] Starting Emulator UI with command {"binary":"node","args":["C:\\Users\\Pichau\\.cache\\firebase\\emulators\\ui-v1.2.2\\server.bundle.js"],"optionalArgs":[],"joinArgs":false} {"metadata":{"emulator":{"name":"ui"},"message":"Starting Emulator UI with command {\"binary\":\"node\",\"args\":[\"C:\\\\Users\\\\Pichau\\\\.cache\\\\firebase\\\\emulators\\\\ui-v1.2.2\\\\server.bundle.js\"],\"optionalArgs\":[],\"joinArgs\":false}"}}
[info] i  ui: Emulator UI logging to ui-debug.log {"metadata":{"emulator":{"name":"ui"},"message":"Emulator UI logging to \u001b[1mui-debug.log\u001b[22m"}}
[debug] [2020-11-21T15:20:40.239Z] Web / API server started at http://localhost:4001
 {"metadata":{"emulator":{"name":"ui"},"message":"Web / API server started at http://localhost:4001\n"}}
[info] i  functions: Watching "C:\Users\Pichau\WebstormProjects\singles\functions" for Cloud Functions... {"metadata":{"emulator":{"name":"functions"},"message":"Watching \"C:\\Users\\Pichau\\WebstormProjects\\singles\\functions\" for Cloud Functions..."}}
[debug] [2020-11-21T15:20:40.456Z] [worker-pool] addWorker(~diagnostic~) {"metadata":{"emulator":{"name":"functions"},"message":"[worker-pool] addWorker(~diagnostic~)"}}
[debug] [2020-11-21T15:20:40.456Z] [worker-pool] Adding worker with key ~diagnostic~, total=1 {"metadata":{"emulator":{"name":"functions"},"message":"[worker-pool] Adding worker with key ~diagnostic~, total=1"}}
[debug] [2020-11-21T15:20:40.456Z] [worker-pool] submitWork(triggerId=) {"metadata":{"emulator":{"name":"functions"},"message":"[worker-pool] submitWork(triggerId=)"}}
[debug] [2020-11-21T15:20:40.457Z] [worker-~diagnostic~-0fc0bdf8-31b1-40d4-95fc-9807998d5e5b]: Assigning socketPath: \\?\pipe\C:\Users\Pichau\WebstormProjects\singles\functions\16436 {"metadata":{"emulator":{"name":"functions"},"message":"[worker-~diagnostic~-0fc0bdf8-31b1-40d4-95fc-9807998d5e5b]: Assigning socketPath: \\\\?\\pipe\\C:\\Users\\Pichau\\WebstormProjects\\singles\\functions\\16436"}}
[debug] [2020-11-21T15:20:40.457Z] [worker-~diagnostic~-0fc0bdf8-31b1-40d4-95fc-9807998d5e5b]: BUSY {"metadata":{"emulator":{"name":"functions"},"message":"[worker-~diagnostic~-0fc0bdf8-31b1-40d4-95fc-9807998d5e5b]: BUSY"}}
[debug] [2020-11-21T15:20:40.721Z] [runtime-status] [16436] Functions runtime initialized. {"cwd":"C:\\Users\\Pichau\\WebstormProjects\\singles\\functions","node_version":"12.19.0"} {"metadata":{"emulator":{"name":"functions"},"message":"[runtime-status] [16436] Functions runtime initialized. {\"cwd\":\"C:\\\\Users\\\\Pichau\\\\WebstormProjects\\\\singles\\\\functions\",\"node_version\":\"12.19.0\"}"}}
[debug] [2020-11-21T15:20:40.722Z] [runtime-status] [16436] Disabled runtime features: undefined {"metadata":{"emulator":{"name":"functions"},"message":"[runtime-status] [16436] Disabled runtime features: undefined"}}
[debug] [2020-11-21T15:20:40.724Z] [runtime-status] [16436] Resolved module firebase-admin {"declared":true,"installed":true,"version":"9.4.1","resolution":"C:\\Users\\Pichau\\WebstormProjects\\singles\\functions\\node_modules\\firebase-admin\\lib\\index.js"} {"metadata":{"emulator":{"name":"functions"},"message":"[runtime-status] [16436] Resolved module firebase-admin {\"declared\":true,\"installed\":true,\"version\":\"9.4.1\",\"resolution\":\"C:\\\\Users\\\\Pichau\\\\WebstormProjects\\\\singles\\\\functions\\\\node_modules\\\\firebase-admin\\\\lib\\\\index.js\"}"}}
[debug] [2020-11-21T15:20:40.727Z] [runtime-status] [16436] Resolved module firebase-functions {"declared":true,"installed":true,"version":"3.11.0","resolution":"C:\\Users\\Pichau\\WebstormProjects\\singles\\functions\\node_modules\\firebase-functions\\lib\\index.js"} {"metadata":{"emulator":{"name":"functions"},"message":"[runtime-status] [16436] Resolved module firebase-functions {\"declared\":true,\"installed\":true,\"version\":\"3.11.0\",\"resolution\":\"C:\\\\Users\\\\Pichau\\\\WebstormProjects\\\\singles\\\\functions\\\\node_modules\\\\firebase-functions\\\\lib\\\\index.js\"}"}}
[debug] [2020-11-21T15:20:40.728Z] [runtime-status] [16436] Resolved module firebase-functions {"declared":true,"installed":true,"version":"3.11.0","resolution":"C:\\Users\\Pichau\\WebstormProjects\\singles\\functions\\node_modules\\firebase-functions\\lib\\index.js"} {"metadata":{"emulator":{"name":"functions"},"message":"[runtime-status] [16436] Resolved module firebase-functions {\"declared\":true,\"installed\":true,\"version\":\"3.11.0\",\"resolution\":\"C:\\\\Users\\\\Pichau\\\\WebstormProjects\\\\singles\\\\functions\\\\node_modules\\\\firebase-functions\\\\lib\\\\index.js\"}"}}
[debug] [2020-11-21T15:20:40.729Z] [runtime-status] [16436] Outgoing network have been stubbed. [{"name":"http","status":"mocked"},{"name":"http","status":"mocked"},{"name":"https","status":"mocked"},{"name":"https","status":"mocked"},{"name":"net","status":"mocked"}] {"metadata":{"emulator":{"name":"functions"},"message":"[runtime-status] [16436] Outgoing network have been stubbed. [{\"name\":\"http\",\"status\":\"mocked\"},{\"name\":\"http\",\"status\":\"mocked\"},{\"name\":\"https\",\"status\":\"mocked\"},{\"name\":\"https\",\"status\":\"mocked\"},{\"name\":\"net\",\"status\":\"mocked\"}]"}}
[debug] [2020-11-21T15:20:40.729Z] [runtime-status] [16436] Resolved module firebase-functions {"declared":true,"installed":true,"version":"3.11.0","resolution":"C:\\Users\\Pichau\\WebstormProjects\\singles\\functions\\node_modules\\firebase-functions\\lib\\index.js"} {"metadata":{"emulator":{"name":"functions"},"message":"[runtime-status] [16436] Resolved module firebase-functions {\"declared\":true,\"installed\":true,\"version\":\"3.11.0\",\"resolution\":\"C:\\\\Users\\\\Pichau\\\\WebstormProjects\\\\singles\\\\functions\\\\node_modules\\\\firebase-functions\\\\lib\\\\index.js\"}"}}
[debug] [2020-11-21T15:20:40.760Z] [runtime-status] [16436] Checked functions.config() {"config":{}} {"metadata":{"emulator":{"name":"functions"},"message":"[runtime-status] [16436] Checked functions.config() {\"config\":{}}"}}
[debug] [2020-11-21T15:20:40.760Z] [runtime-status] [16436] firebase-functions has been stubbed. {"functionsResolution":{"declared":true,"installed":true,"version":"3.11.0","resolution":"C:\\Users\\Pichau\\WebstormProjects\\singles\\functions\\node_modules\\firebase-functions\\lib\\index.js"}} {"metadata":{"emulator":{"name":"functions"},"message":"[runtime-status] [16436] firebase-functions has been stubbed. {\"functionsResolution\":{\"declared\":true,\"installed\":true,\"version\":\"3.11.0\",\"resolution\":\"C:\\\\Users\\\\Pichau\\\\WebstormProjects\\\\singles\\\\functions\\\\node_modules\\\\firebase-functions\\\\lib\\\\index.js\"}}"}}
[debug] [2020-11-21T15:20:40.761Z] [runtime-status] [16436] Resolved module firebase-functions {"declared":true,"installed":true,"version":"3.11.0","resolution":"C:\\Users\\Pichau\\WebstormProjects\\singles\\functions\\node_modules\\firebase-functions\\lib\\index.js"} {"metadata":{"emulator":{"name":"functions"},"message":"[runtime-status] [16436] Resolved module firebase-functions {\"declared\":true,\"installed\":true,\"version\":\"3.11.0\",\"resolution\":\"C:\\\\Users\\\\Pichau\\\\WebstormProjects\\\\singles\\\\functions\\\\node_modules\\\\firebase-functions\\\\lib\\\\index.js\"}"}}
[debug] [2020-11-21T15:20:40.761Z] [runtime-status] [16436] Resolved module firebase-admin {"declared":true,"installed":true,"version":"9.4.1","resolution":"C:\\Users\\Pichau\\WebstormProjects\\singles\\functions\\node_modules\\firebase-admin\\lib\\index.js"} {"metadata":{"emulator":{"name":"functions"},"message":"[runtime-status] [16436] Resolved module firebase-admin {\"declared\":true,\"installed\":true,\"version\":\"9.4.1\",\"resolution\":\"C:\\\\Users\\\\Pichau\\\\WebstormProjects\\\\singles\\\\functions\\\\node_modules\\\\firebase-admin\\\\lib\\\\index.js\"}"}}
[debug] [2020-11-21T15:20:40.762Z] [runtime-status] [16436] Resolved module firebase-functions {"declared":true,"installed":true,"version":"3.11.0","resolution":"C:\\Users\\Pichau\\WebstormProjects\\singles\\functions\\node_modules\\firebase-functions\\lib\\index.js"} {"metadata":{"emulator":{"name":"functions"},"message":"[runtime-status] [16436] Resolved module firebase-functions {\"declared\":true,\"installed\":true,\"version\":\"3.11.0\",\"resolution\":\"C:\\\\Users\\\\Pichau\\\\WebstormProjects\\\\singles\\\\functions\\\\node_modules\\\\firebase-functions\\\\lib\\\\index.js\"}"}}
[debug] [2020-11-21T15:20:40.762Z] [runtime-status] [16436] firebase-admin has been stubbed. {"adminResolution":{"declared":true,"installed":true,"version":"9.4.1","resolution":"C:\\Users\\Pichau\\WebstormProjects\\singles\\functions\\node_modules\\firebase-admin\\lib\\index.js"}} {"metadata":{"emulator":{"name":"functions"},"message":"[runtime-status] [16436] firebase-admin has been stubbed. {\"adminResolution\":{\"declared\":true,\"installed\":true,\"version\":\"9.4.1\",\"resolution\":\"C:\\\\Users\\\\Pichau\\\\WebstormProjects\\\\singles\\\\functions\\\\node_modules\\\\firebase-admin\\\\lib\\\\index.js\"}}"}}
[debug] [2020-11-21T15:20:40.764Z] [runtime-status] [16436] initializeApp(DEFAULT) {"databaseURL":"https://singles-7aa8b.firebaseio.com","storageBucket":"singles-7aa8b.appspot.com","projectId":"singles-7aa8b"} {"metadata":{"emulator":{"name":"functions"},"message":"[runtime-status] [16436] initializeApp(DEFAULT) {\"databaseURL\":\"https://singles-7aa8b.firebaseio.com\",\"storageBucket\":\"singles-7aa8b.appspot.com\",\"projectId\":\"singles-7aa8b\"}"}}
[debug] [2020-11-21T15:20:40.791Z] [runtime-status] [16436] auth.setJwtVerificationEnabled(false) {"metadata":{"emulator":{"name":"functions"},"message":"[runtime-status] [16436] auth.setJwtVerificationEnabled(false)"}}
[debug] [2020-11-21T15:20:40.793Z] addAuthTrigger {"eventTrigger":{"resource":"projects/singles-7aa8b","eventType":"providers/firebase.auth/eventTypes/user.create","service":"firebaseauth.googleapis.com"}}
[info] +  functions[saveUserToFirestore]: auth function initialized. {"metadata":{"emulator":{"name":"functions"},"message":"\u001b[1mauth\u001b[22m function initialized."}}
[info] 
┌───────────────────────────────────────────────────────────────────────┐
│ ✔  All emulators ready! View status and logs at http://localhost:4001 │
└───────────────────────────────────────────────────────────────────────┘

┌────────────────┬────────────────┬─────────────────────────────────┐
│ Emulator       │ Host:Port      │ View in Emulator UI             │
├────────────────┼────────────────┼─────────────────────────────────┤
│ Authentication │ localhost:9099 │ http://localhost:4001/auth      │
├────────────────┼────────────────┼─────────────────────────────────┤
│ Functions      │ localhost:5001 │ http://localhost:4001/functions │
├────────────────┼────────────────┼─────────────────────────────────┤
│ Firestore      │ localhost:8080 │ http://localhost:4001/firestore │
├────────────────┼────────────────┼─────────────────────────────────┤
│ Hosting        │ localhost:5000 │ n/a                             │
└────────────────┴────────────────┴─────────────────────────────────┘
  Other reserved ports: 4400, 4500

Issues? Report them at https://github.com/firebase/firebase-tools/issues and attach the *-debug.log files.
 
[debug] [2020-11-21T15:20:40.795Z] [worker-~diagnostic~-0fc0bdf8-31b1-40d4-95fc-9807998d5e5b]: IDLE {"metadata":{"emulator":{"name":"functions"},"message":"[worker-~diagnostic~-0fc0bdf8-31b1-40d4-95fc-9807998d5e5b]: IDLE"}}
[debug] [2020-11-21T15:20:57.280Z] [work-queue] {"queueLength":1,"workRunningCount":0}
[debug] [2020-11-21T15:20:57.281Z] [work-queue] {"queueLength":0,"workRunningCount":1}
[debug] [2020-11-21T15:20:57.281Z] Accepted multicast request POST /functions/projects/singles-7aa8b/trigger_multicast --> saveUserToFirestore {"metadata":{"emulator":{"name":"functions"},"message":"Accepted multicast request POST /functions/projects/singles-7aa8b/trigger_multicast --> saveUserToFirestore"}}
[debug] [2020-11-21T15:20:57.285Z] [worker-pool] addWorker(saveUserToFirestore) {"metadata":{"emulator":{"name":"functions"},"message":"[worker-pool] addWorker(saveUserToFirestore)"}}
[debug] [2020-11-21T15:20:57.285Z] [worker-pool] Adding worker with key saveUserToFirestore, total=1 {"metadata":{"emulator":{"name":"functions"},"message":"[worker-pool] Adding worker with key saveUserToFirestore, total=1"}}
[debug] [2020-11-21T15:20:57.285Z] [worker-pool] submitWork(triggerId=saveUserToFirestore) {"metadata":{"emulator":{"name":"functions"},"message":"[worker-pool] submitWork(triggerId=saveUserToFirestore)"}}
[debug] [2020-11-21T15:20:57.285Z] [worker-saveUserToFirestore-fc31a129-9d9d-449b-b420-34e90c22ae66]: Assigning socketPath: \\?\pipe\C:\Users\Pichau\WebstormProjects\singles\functions\824 {"metadata":{"emulator":{"name":"functions"},"message":"[worker-saveUserToFirestore-fc31a129-9d9d-449b-b420-34e90c22ae66]: Assigning socketPath: \\\\?\\pipe\\C:\\Users\\Pichau\\WebstormProjects\\singles\\functions\\824"}}
[debug] [2020-11-21T15:20:57.285Z] [worker-saveUserToFirestore-fc31a129-9d9d-449b-b420-34e90c22ae66]: BUSY {"metadata":{"emulator":{"name":"functions"},"message":"[worker-saveUserToFirestore-fc31a129-9d9d-449b-b420-34e90c22ae66]: BUSY"}}
[debug] [2020-11-21T15:20:57.573Z] [runtime-status] [824] Functions runtime initialized. {"cwd":"C:\\Users\\Pichau\\WebstormProjects\\singles\\functions","node_version":"12.19.0"} {"metadata":{"emulator":{"name":"functions"},"function":{"name":"saveUserToFirestore"},"message":"[runtime-status] [824] Functions runtime initialized. {\"cwd\":\"C:\\\\Users\\\\Pichau\\\\WebstormProjects\\\\singles\\\\functions\",\"node_version\":\"12.19.0\"}"}}
[debug] [2020-11-21T15:20:57.575Z] [runtime-status] [824] Disabled runtime features: undefined {"metadata":{"emulator":{"name":"functions"},"function":{"name":"saveUserToFirestore"},"message":"[runtime-status] [824] Disabled runtime features: undefined"}}
[debug] [2020-11-21T15:20:57.579Z] [runtime-status] [824] Resolved module firebase-admin {"declared":true,"installed":true,"version":"9.4.1","resolution":"C:\\Users\\Pichau\\WebstormProjects\\singles\\functions\\node_modules\\firebase-admin\\lib\\index.js"} {"metadata":{"emulator":{"name":"functions"},"function":{"name":"saveUserToFirestore"},"message":"[runtime-status] [824] Resolved module firebase-admin {\"declared\":true,\"installed\":true,\"version\":\"9.4.1\",\"resolution\":\"C:\\\\Users\\\\Pichau\\\\WebstormProjects\\\\singles\\\\functions\\\\node_modules\\\\firebase-admin\\\\lib\\\\index.js\"}"}}
[debug] [2020-11-21T15:20:57.580Z] [runtime-status] [824] Resolved module firebase-functions {"declared":true,"installed":true,"version":"3.11.0","resolution":"C:\\Users\\Pichau\\WebstormProjects\\singles\\functions\\node_modules\\firebase-functions\\lib\\index.js"} {"metadata":{"emulator":{"name":"functions"},"function":{"name":"saveUserToFirestore"},"message":"[runtime-status] [824] Resolved module firebase-functions {\"declared\":true,\"installed\":true,\"version\":\"3.11.0\",\"resolution\":\"C:\\\\Users\\\\Pichau\\\\WebstormProjects\\\\singles\\\\functions\\\\node_modules\\\\firebase-functions\\\\lib\\\\index.js\"}"}}
[debug] [2020-11-21T15:20:57.581Z] [runtime-status] [824] Resolved module firebase-functions {"declared":true,"installed":true,"version":"3.11.0","resolution":"C:\\Users\\Pichau\\WebstormProjects\\singles\\functions\\node_modules\\firebase-functions\\lib\\index.js"} {"metadata":{"emulator":{"name":"functions"},"function":{"name":"saveUserToFirestore"},"message":"[runtime-status] [824] Resolved module firebase-functions {\"declared\":true,\"installed\":true,\"version\":\"3.11.0\",\"resolution\":\"C:\\\\Users\\\\Pichau\\\\WebstormProjects\\\\singles\\\\functions\\\\node_modules\\\\firebase-functions\\\\lib\\\\index.js\"}"}}
[debug] [2020-11-21T15:20:57.582Z] [runtime-status] [824] Outgoing network have been stubbed. [{"name":"http","status":"mocked"},{"name":"http","status":"mocked"},{"name":"https","status":"mocked"},{"name":"https","status":"mocked"},{"name":"net","status":"mocked"}] {"metadata":{"emulator":{"name":"functions"},"function":{"name":"saveUserToFirestore"},"message":"[runtime-status] [824] Outgoing network have been stubbed. [{\"name\":\"http\",\"status\":\"mocked\"},{\"name\":\"http\",\"status\":\"mocked\"},{\"name\":\"https\",\"status\":\"mocked\"},{\"name\":\"https\",\"status\":\"mocked\"},{\"name\":\"net\",\"status\":\"mocked\"}]"}}
[debug] [2020-11-21T15:20:57.582Z] [runtime-status] [824] Resolved module firebase-functions {"declared":true,"installed":true,"version":"3.11.0","resolution":"C:\\Users\\Pichau\\WebstormProjects\\singles\\functions\\node_modules\\firebase-functions\\lib\\index.js"} {"metadata":{"emulator":{"name":"functions"},"function":{"name":"saveUserToFirestore"},"message":"[runtime-status] [824] Resolved module firebase-functions {\"declared\":true,\"installed\":true,\"version\":\"3.11.0\",\"resolution\":\"C:\\\\Users\\\\Pichau\\\\WebstormProjects\\\\singles\\\\functions\\\\node_modules\\\\firebase-functions\\\\lib\\\\index.js\"}"}}
[debug] [2020-11-21T15:20:57.614Z] [runtime-status] [824] Checked functions.config() {"config":{}} {"metadata":{"emulator":{"name":"functions"},"function":{"name":"saveUserToFirestore"},"message":"[runtime-status] [824] Checked functions.config() {\"config\":{}}"}}
[debug] [2020-11-21T15:20:57.614Z] [runtime-status] [824] firebase-functions has been stubbed. {"functionsResolution":{"declared":true,"installed":true,"version":"3.11.0","resolution":"C:\\Users\\Pichau\\WebstormProjects\\singles\\functions\\node_modules\\firebase-functions\\lib\\index.js"}} {"metadata":{"emulator":{"name":"functions"},"function":{"name":"saveUserToFirestore"},"message":"[runtime-status] [824] firebase-functions has been stubbed. {\"functionsResolution\":{\"declared\":true,\"installed\":true,\"version\":\"3.11.0\",\"resolution\":\"C:\\\\Users\\\\Pichau\\\\WebstormProjects\\\\singles\\\\functions\\\\node_modules\\\\firebase-functions\\\\lib\\\\index.js\"}}"}}
[debug] [2020-11-21T15:20:57.615Z] [runtime-status] [824] Resolved module firebase-functions {"declared":true,"installed":true,"version":"3.11.0","resolution":"C:\\Users\\Pichau\\WebstormProjects\\singles\\functions\\node_modules\\firebase-functions\\lib\\index.js"} {"metadata":{"emulator":{"name":"functions"},"function":{"name":"saveUserToFirestore"},"message":"[runtime-status] [824] Resolved module firebase-functions {\"declared\":true,\"installed\":true,\"version\":\"3.11.0\",\"resolution\":\"C:\\\\Users\\\\Pichau\\\\WebstormProjects\\\\singles\\\\functions\\\\node_modules\\\\firebase-functions\\\\lib\\\\index.js\"}"}}
[debug] [2020-11-21T15:20:57.615Z] [runtime-status] [824] Resolved module firebase-admin {"declared":true,"installed":true,"version":"9.4.1","resolution":"C:\\Users\\Pichau\\WebstormProjects\\singles\\functions\\node_modules\\firebase-admin\\lib\\index.js"} {"metadata":{"emulator":{"name":"functions"},"function":{"name":"saveUserToFirestore"},"message":"[runtime-status] [824] Resolved module firebase-admin {\"declared\":true,\"installed\":true,\"version\":\"9.4.1\",\"resolution\":\"C:\\\\Users\\\\Pichau\\\\WebstormProjects\\\\singles\\\\functions\\\\node_modules\\\\firebase-admin\\\\lib\\\\index.js\"}"}}
[debug] [2020-11-21T15:20:57.616Z] [runtime-status] [824] Resolved module firebase-functions {"declared":true,"installed":true,"version":"3.11.0","resolution":"C:\\Users\\Pichau\\WebstormProjects\\singles\\functions\\node_modules\\firebase-functions\\lib\\index.js"} {"metadata":{"emulator":{"name":"functions"},"function":{"name":"saveUserToFirestore"},"message":"[runtime-status] [824] Resolved module firebase-functions {\"declared\":true,\"installed\":true,\"version\":\"3.11.0\",\"resolution\":\"C:\\\\Users\\\\Pichau\\\\WebstormProjects\\\\singles\\\\functions\\\\node_modules\\\\firebase-functions\\\\lib\\\\index.js\"}"}}
[debug] [2020-11-21T15:20:57.616Z] [runtime-status] [824] firebase-admin has been stubbed. {"adminResolution":{"declared":true,"installed":true,"version":"9.4.1","resolution":"C:\\Users\\Pichau\\WebstormProjects\\singles\\functions\\node_modules\\firebase-admin\\lib\\index.js"}} {"metadata":{"emulator":{"name":"functions"},"function":{"name":"saveUserToFirestore"},"message":"[runtime-status] [824] firebase-admin has been stubbed. {\"adminResolution\":{\"declared\":true,\"installed\":true,\"version\":\"9.4.1\",\"resolution\":\"C:\\\\Users\\\\Pichau\\\\WebstormProjects\\\\singles\\\\functions\\\\node_modules\\\\firebase-admin\\\\lib\\\\index.js\"}}"}}
[debug] [2020-11-21T15:20:57.618Z] [runtime-status] [824] initializeApp(DEFAULT) {"databaseURL":"https://singles-7aa8b.firebaseio.com","storageBucket":"singles-7aa8b.appspot.com","projectId":"singles-7aa8b"} {"metadata":{"emulator":{"name":"functions"},"function":{"name":"saveUserToFirestore"},"message":"[runtime-status] [824] initializeApp(DEFAULT) {\"databaseURL\":\"https://singles-7aa8b.firebaseio.com\",\"storageBucket\":\"singles-7aa8b.appspot.com\",\"projectId\":\"singles-7aa8b\"}"}}
[debug] [2020-11-21T15:20:57.647Z] [runtime-status] [824] auth.setJwtVerificationEnabled(false) {"metadata":{"emulator":{"name":"functions"},"function":{"name":"saveUserToFirestore"},"message":"[runtime-status] [824] auth.setJwtVerificationEnabled(false)"}}
[debug] [2020-11-21T15:20:57.648Z] [runtime-status] [824] Trigger "saveUserToFirestore" has been found, beginning invocation! {"metadata":{"emulator":{"name":"functions"},"function":{"name":"saveUserToFirestore"},"message":"[runtime-status] [824] Trigger \"saveUserToFirestore\" has been found, beginning invocation!"}}
[info] i  functions: Beginning execution of "saveUserToFirestore" {"metadata":{"emulator":{"name":"functions"},"function":{"name":"saveUserToFirestore"},"message":"Beginning execution of \"saveUserToFirestore\""}}
[debug] [2020-11-21T15:20:57.649Z] [runtime-status] [824] triggerDefinition {"timeout":"300s","eventTrigger":{"resource":"projects/singles-7aa8b","eventType":"providers/firebase.auth/eventTypes/user.create","service":"firebaseauth.googleapis.com"},"name":"saveUserToFirestore","entryPoint":"saveUserToFirestore"} {"metadata":{"emulator":{"name":"functions"},"function":{"name":"saveUserToFirestore"},"message":"[runtime-status] [824] triggerDefinition {\"timeout\":\"300s\",\"eventTrigger\":{\"resource\":\"projects/singles-7aa8b\",\"eventType\":\"providers/firebase.auth/eventTypes/user.create\",\"service\":\"firebaseauth.googleapis.com\"},\"name\":\"saveUserToFirestore\",\"entryPoint\":\"saveUserToFirestore\"}"}}
[debug] [2020-11-21T15:20:57.649Z] [runtime-status] [824] Running saveUserToFirestore in mode BACKGROUND {"metadata":{"emulator":{"name":"functions"},"function":{"name":"saveUserToFirestore"},"message":"[runtime-status] [824] Running saveUserToFirestore in mode BACKGROUND"}}
[debug] [2020-11-21T15:20:57.649Z] [runtime-status] [824] ProcessBackground {"eventType":"providers/firebase.auth/eventTypes/user.create","data":{"uid":"xDsDyya1xQvkGlKexHuBLL16CANS","email":"orange.grass.611@test.com","emailVerified":true,"displayName":"Orange Grass","metadata":{"creationTime":"1605972057274","lastSignInTime":"1605972057274"},"customClaims":{},"providerData":[{"providerId":"google.com","rawId":"1715995271413366225230496426965205195531","federatedId":"1715995271413366225230496426965205195531","displayName":"Orange Grass","email":"orange.grass.611@test.com","screenName":"grass_orange"}]}} {"metadata":{"emulator":{"name":"functions"},"function":{"name":"saveUserToFirestore"},"message":"[runtime-status] [824] ProcessBackground {\"eventType\":\"providers/firebase.auth/eventTypes/user.create\",\"data\":{\"uid\":\"xDsDyya1xQvkGlKexHuBLL16CANS\",\"email\":\"orange.grass.611@test.com\",\"emailVerified\":true,\"displayName\":\"Orange Grass\",\"metadata\":{\"creationTime\":\"1605972057274\",\"lastSignInTime\":\"1605972057274\"},\"customClaims\":{},\"providerData\":[{\"providerId\":\"google.com\",\"rawId\":\"1715995271413366225230496426965205195531\",\"federatedId\":\"1715995271413366225230496426965205195531\",\"displayName\":\"Orange Grass\",\"email\":\"orange.grass.611@test.com\",\"screenName\":\"grass_orange\"}]}}"}}
[debug] [2020-11-21T15:20:57.650Z] [runtime-status] [824] RunBackground {"data":{"uid":"xDsDyya1xQvkGlKexHuBLL16CANS","email":"orange.grass.611@test.com","emailVerified":true,"displayName":"Orange Grass","metadata":{"creationTime":"1605972057274","lastSignInTime":"1605972057274"},"customClaims":{},"providerData":[{"providerId":"google.com","rawId":"1715995271413366225230496426965205195531","federatedId":"1715995271413366225230496426965205195531","displayName":"Orange Grass","email":"orange.grass.611@test.com","screenName":"grass_orange"}]},"context":{"eventType":"providers/firebase.auth/eventTypes/user.create"}} {"metadata":{"emulator":{"name":"functions"},"function":{"name":"saveUserToFirestore"},"message":"[runtime-status] [824] RunBackground {\"data\":{\"uid\":\"xDsDyya1xQvkGlKexHuBLL16CANS\",\"email\":\"orange.grass.611@test.com\",\"emailVerified\":true,\"displayName\":\"Orange Grass\",\"metadata\":{\"creationTime\":\"1605972057274\",\"lastSignInTime\":\"1605972057274\"},\"customClaims\":{},\"providerData\":[{\"providerId\":\"google.com\",\"rawId\":\"1715995271413366225230496426965205195531\",\"federatedId\":\"1715995271413366225230496426965205195531\",\"displayName\":\"Orange Grass\",\"email\":\"orange.grass.611@test.com\",\"screenName\":\"grass_orange\"}]},\"context\":{\"eventType\":\"providers/firebase.auth/eventTypes/user.create\"}}"}}
[info] >  {"severity":"INFO","message":"Saving user xDsDyya1xQvkGlKexHuBLL16CANS to Firestore..."} {"user":{"severity":"INFO","message":"Saving user xDsDyya1xQvkGlKexHuBLL16CANS to Firestore..."},"metadata":{"emulator":{"name":"functions"},"function":{"name":"saveUserToFirestore"},"message":"\u001b[90m> \u001b[39m {\"severity\":\"INFO\",\"message\":\"Saving user xDsDyya1xQvkGlKexHuBLL16CANS to Firestore...\"}"}}
[info] >  {"severity":"INFO","message":"Fetching background images from Storage..."} {"user":{"severity":"INFO","message":"Fetching background images from Storage..."},"metadata":{"emulator":{"name":"functions"},"function":{"name":"saveUserToFirestore"},"message":"\u001b[90m> \u001b[39m {\"severity\":\"INFO\",\"message\":\"Fetching background images from Storage...\"}"}}
[warn] !  Google API requested!
   - URL: "https://oauth2.googleapis.com/token"
   - Be careful, this may be a production service. {"metadata":{"emulator":{"name":"functions"},"function":{"name":"saveUserToFirestore"},"message":"Google API requested!\n   - URL: \"https://oauth2.googleapis.com/token\"\n   - Be careful, this may be a production service."}}
[warn] !  Google API requested!
   - URL: "https://storage.googleapis.com/storage/v1/b/singles-7aa8b.appspot.com/o?prefix=background-images%2F"
   - Be careful, this may be a production service. {"metadata":{"emulator":{"name":"functions"},"function":{"name":"saveUserToFirestore"},"message":"Google API requested!\n   - URL: \"https://storage.googleapis.com/storage/v1/b/singles-7aa8b.appspot.com/o?prefix=background-images%2F\"\n   - Be careful, this may be a production service."}}
[info] >  {"severity":"INFO","message":"Fetched 22 images"} {"user":{"severity":"INFO","message":"Fetched 22 images"},"metadata":{"emulator":{"name":"functions"},"function":{"name":"saveUserToFirestore"},"message":"\u001b[90m> \u001b[39m {\"severity\":\"INFO\",\"message\":\"Fetched 22 images\"}"}}
[warn] !  Google API requested!
   - URL: "https://storage.googleapis.com/storage/v1/b/singles-7aa8b.appspot.com/o/background-images%2Fw-qjCHPZbeXCQ-unsplash.jpg/acl?"
   - Be careful, this may be a production service. {"metadata":{"emulator":{"name":"functions"},"function":{"name":"saveUserToFirestore"},"message":"Google API requested!\n   - URL: \"https://storage.googleapis.com/storage/v1/b/singles-7aa8b.appspot.com/o/background-images%2Fw-qjCHPZbeXCQ-unsplash.jpg/acl?\"\n   - Be careful, this may be a production service."}}
[info] >  {"kind":"storage#objectAccessControl","object":"background-images/w-qjCHPZbeXCQ-unsplash.jpg","generation":"1605787634208782","id":"singles-7aa8b.appspot.com/background-images/w-qjCHPZbeXCQ-unsplash.jpg/1605787634208782/allUsers","selfLink":"https://www.googleapis.com/storage/v1/b/singles-7aa8b.appspot.com/o/background-images%2Fw-qjCHPZbeXCQ-unsplash.jpg/acl/allUsers","bucket":"singles-7aa8b.appspot.com","entity":"allUsers","role":"READER","etag":"CI6glozJju0CEAM=","severity":"DEBUG","message":""} {"user":{"kind":"storage#objectAccessControl","object":"background-images/w-qjCHPZbeXCQ-unsplash.jpg","generation":"1605787634208782","id":"singles-7aa8b.appspot.com/background-images/w-qjCHPZbeXCQ-unsplash.jpg/1605787634208782/allUsers","selfLink":"https://www.googleapis.com/storage/v1/b/singles-7aa8b.appspot.com/o/background-images%2Fw-qjCHPZbeXCQ-unsplash.jpg/acl/allUsers","bucket":"singles-7aa8b.appspot.com","entity":"allUsers","role":"READER","etag":"CI6glozJju0CEAM=","severity":"DEBUG","message":""},"metadata":{"emulator":{"name":"functions"},"function":{"name":"saveUserToFirestore"},"message":"\u001b[90m> \u001b[39m {\"kind\":\"storage#objectAccessControl\",\"object\":\"background-images/w-qjCHPZbeXCQ-unsplash.jpg\",\"generation\":\"1605787634208782\",\"id\":\"singles-7aa8b.appspot.com/background-images/w-qjCHPZbeXCQ-unsplash.jpg/1605787634208782/allUsers\",\"selfLink\":\"https://www.googleapis.com/storage/v1/b/singles-7aa8b.appspot.com/o/background-images%2Fw-qjCHPZbeXCQ-unsplash.jpg/acl/allUsers\",\"bucket\":\"singles-7aa8b.appspot.com\",\"entity\":\"allUsers\",\"role\":\"READER\",\"etag\":\"CI6glozJju0CEAM=\",\"severity\":\"DEBUG\",\"message\":\"\"}"}}
[debug] [2020-11-21T15:20:59.095Z] [runtime-status] [824] Ephemeral server survived. {"metadata":{"emulator":{"name":"functions"},"function":{"name":"saveUserToFirestore"},"message":"[runtime-status] [824] Ephemeral server survived."}}
[info] i  functions: Finished "saveUserToFirestore" in ~1s {"metadata":{"emulator":{"name":"functions"},"function":{"name":"saveUserToFirestore"},"message":"Finished \"saveUserToFirestore\" in ~1s"}}
[debug] [2020-11-21T15:20:59.102Z] [worker-saveUserToFirestore-fc31a129-9d9d-449b-b420-34e90c22ae66]: IDLE {"metadata":{"emulator":{"name":"functions"},"message":"[worker-saveUserToFirestore-fc31a129-9d9d-449b-b420-34e90c22ae66]: IDLE"}}
[debug] [2020-11-21T15:20:59.102Z] [work-queue] {"queueLength":0,"workRunningCount":0}
[debug] [2020-11-21T15:20:59.125Z] Nov 21, 2020 12:20:59 PM io.gapi.emulators.netty.HttpVersionRoutingHandler channelRead
INFO: Detected HTTP/2 connection.
 {"metadata":{"emulator":{"name":"firestore"},"message":"Nov 21, 2020 12:20:59 PM io.gapi.emulators.netty.HttpVersionRoutingHandler channelRead\r\nINFO: Detected HTTP/2 connection.\r\n"}}
[info] >  {"severity":"INFO","message":"User xDsDyya1xQvkGlKexHuBLL16CANS saved successfully"} {"user":{"severity":"INFO","message":"User xDsDyya1xQvkGlKexHuBLL16CANS saved successfully"},"metadata":{"emulator":{"name":"functions"},"function":{"name":"saveUserToFirestore"},"message":"\u001b[90m> \u001b[39m {\"severity\":\"INFO\",\"message\":\"User xDsDyya1xQvkGlKexHuBLL16CANS saved successfully\"}"}}
[debug] [2020-11-21T15:21:00.794Z] Nov 21, 2020 12:21:00 PM io.gapi.emulators.netty.HttpVersionRoutingHandler channelRead
INFO: Detected non-HTTP/2 connection.
 {"metadata":{"emulator":{"name":"firestore"},"message":"Nov 21, 2020 12:21:00 PM io.gapi.emulators.netty.HttpVersionRoutingHandler channelRead\r\nINFO: Detected non-HTTP/2 connection.\r\n"}}
[debug] [2020-11-21T15:21:00.802Z] Nov 21, 2020 12:21:00 PM io.gapi.emulators.netty.HttpVersionRoutingHandler channelRead
INFO: Detected non-HTTP/2 connection.
 {"metadata":{"emulator":{"name":"firestore"},"message":"Nov 21, 2020 12:21:00 PM io.gapi.emulators.netty.HttpVersionRoutingHandler channelRead\r\nINFO: Detected non-HTTP/2 connection.\r\n"}}
[debug] [2020-11-21T15:21:00.835Z] Nov 21, 2020 12:21:00 PM io.gapi.emulators.netty.HttpVersionRoutingHandler channelRead
INFO: Detected HTTP/2 connection.
 {"metadata":{"emulator":{"name":"firestore"},"message":"Nov 21, 2020 12:21:00 PM io.gapi.emulators.netty.HttpVersionRoutingHandler channelRead\r\nINFO: Detected HTTP/2 connection.\r\n"}}
[debug] [2020-11-21T15:21:00.948Z] Nov 21, 2020 12:21:00 PM io.gapi.emulators.netty.HttpVersionRoutingHandler channelRead
INFO: Detected non-HTTP/2 connection.
 {"metadata":{"emulator":{"name":"firestore"},"message":"Nov 21, 2020 12:21:00 PM io.gapi.emulators.netty.HttpVersionRoutingHandler channelRead\r\nINFO: Detected non-HTTP/2 connection.\r\n"}}
[debug] [2020-11-21T15:21:01.010Z] Nov 21, 2020 12:21:01 PM io.gapi.emulators.netty.HttpVersionRoutingHandler channelRead
INFO: Detected non-HTTP/2 connection.
 {"metadata":{"emulator":{"name":"firestore"},"message":"Nov 21, 2020 12:21:01 PM io.gapi.emulators.netty.HttpVersionRoutingHandler channelRead\r\nINFO: Detected non-HTTP/2 connection.\r\n"}}
[debug] [2020-11-21T15:22:01.039Z] Nov 21, 2020 12:22:01 PM io.gapi.emulators.netty.HttpVersionRoutingHandler channelRead
INFO: Detected non-HTTP/2 connection.
 {"metadata":{"emulator":{"name":"firestore"},"message":"Nov 21, 2020 12:22:01 PM io.gapi.emulators.netty.HttpVersionRoutingHandler channelRead\r\nINFO: Detected non-HTTP/2 connection.\r\n"}}
[debug] [2020-11-21T15:23:01.060Z] Nov 21, 2020 12:23:01 PM io.gapi.emulators.netty.HttpVersionRoutingHandler channelRead
INFO: Detected non-HTTP/2 connection.
 {"metadata":{"emulator":{"name":"firestore"},"message":"Nov 21, 2020 12:23:01 PM io.gapi.emulators.netty.HttpVersionRoutingHandler channelRead\r\nINFO: Detected non-HTTP/2 connection.\r\n"}}
